# JRE version: OpenJDK Runtime Environment Temurin-21.0.11+10 (21.0.11+10) (build 21.0.11+10-LTS)
# Java VM: OpenJDK 64-Bit Server VM Temurin-21.0.11+10 (21.0.11+10-LTS, mixed mode, sharing, tiered, compressed oops, compressed class ptrs, g1 gc, windows-amd64)
GC Precious Log:
 CardTable entry size: 512
 Card Set container configuration: InlinePtr #cards 5 size 8 Array Of Cards #cards 12 size 40 Howl #buckets 4 coarsen threshold 1843 Howl Bitmap #cards 512 size 80 coarsen threshold 460 Card regions per heap region 1 cards per card region 2048
 CPUs: 8 total, 8 available
 Memory: 7987M
 Large Page Support: Disabled
 NUMA Support: Disabled
 Compressed Oops: Enabled (32-bit)
 Heap Region Size: 1M
 Heap Min Capacity: 8M
 Heap Initial Capacity: 126M
 Heap Max Capacity: 2G
 Pre-touch: Disabled
 Parallel Workers: 8
 Concurrent Workers: 2
 Concurrent Refinement Workers: 8
 Periodic GC: Disabled
Heap:
 garbage-first heap   total 505856K, used 425472K [0x0000000080000000, 0x0000000100000000)
  region size 1024K, 65 young (66560K), 15 survivors (15360K)
 Metaspace       used 117746K, committed 120320K, reserved 1179648K
  class space    used 16511K, committed 17792K, reserved 1048576K
GC Heap History (20 events):
Event: 328.932 GC heap before
{Heap before GC invocations=71 (full 0):
 garbage-first heap   total 334848K, used 242176K [0x0000000080000000, 0x0000000100000000)
  region size 1024K, 49 young (50176K), 8 survivors (8192K)
 Metaspace       used 111699K, committed 114240K, reserved 1179648K
  class space    used 15689K, committed 16960K, reserved 1048576K
}
Event: 328.938 GC heap after
{Heap after GC invocations=72 (full 0):
 garbage-first heap   total 334848K, used 212901K [0x0000000080000000, 0x0000000100000000)
  region size 1024K, 7 young (7168K), 7 survivors (7168K)
 Metaspace       used 111699K, committed 114240K, reserved 1179648K
  class space    used 15689K, committed 16960K, reserved 1048576K
}
Event: 329.596 GC heap before
{Heap before GC invocations=73 (full 0):
 garbage-first heap   total 334848K, used 290725K [0x0000000080000000, 0x0000000100000000)
  region size 1024K, 83 young (84992K), 7 survivors (7168K)
 Metaspace       used 112295K, committed 114880K, reserved 1179648K
  class space    used 15766K, committed 17088K, reserved 1048576K
}
Event: 329.601 GC heap after
{Heap after GC invocations=74 (full 0):
 garbage-first heap   total 334848K, used 234496K [0x0000000080000000, 0x0000000100000000)
  region size 1024K, 11 young (11264K), 11 survivors (11264K)
 Metaspace       used 112295K, committed 114880K, reserved 1179648K
  class space    used 15766K, committed 17088K, reserved 1048576K
}
Event: 331.054 GC heap before
{Heap before GC invocations=74 (full 0):
 garbage-first heap   total 334848K, used 295936K [0x0000000080000000, 0x0000000100000000)
  region size 1024K, 71 young (72704K), 11 survivors (11264K)
 Metaspace       used 115410K, committed 117952K, reserved 1179648K
  class space    used 16173K, committed 17472K, reserved 1048576K
}
Event: 331.061 GC heap after
{Heap after GC invocations=75 (full 0):
 garbage-first heap   total 334848K, used 234250K [0x0000000080000000, 0x0000000100000000)
  region size 1024K, 7 young (7168K), 7 survivors (7168K)
 Metaspace       used 115410K, committed 117952K, reserved 1179648K
  class space    used 16173K, committed 17472K, reserved 1048576K
}
Event: 331.490 GC heap before
{Heap before GC invocations=75 (full 0):
 garbage-first heap   total 334848K, used 298762K [0x0000000080000000, 0x0000000100000000)
  region size 1024K, 70 young (71680K), 7 survivors (7168K)
 Metaspace       used 115410K, committed 117952K, reserved 1179648K
  class space    used 16173K, committed 17472K, reserved 1048576K
}
Event: 331.511 GC heap after
{Heap after GC invocations=76 (full 0):
 garbage-first heap   total 334848K, used 248712K [0x0000000080000000, 0x0000000100000000)
  region size 1024K, 9 young (9216K), 9 survivors (9216K)
 Metaspace       used 115410K, committed 117952K, reserved 1179648K
  class space    used 16173K, committed 17472K, reserved 1048576K
}
Event: 332.004 GC heap before
{Heap before GC invocations=77 (full 0):
 garbage-first heap   total 414720K, used 304008K [0x0000000080000000, 0x0000000100000000)
  region size 1024K, 63 young (64512K), 9 survivors (9216K)
 Metaspace       used 115411K, committed 117952K, reserved 1179648K
  class space    used 16173K, committed 17472K, reserved 1048576K
}
Event: 332.029 GC heap after
{Heap after GC invocations=78 (full 0):
 garbage-first heap   total 414720K, used 261698K [0x0000000080000000, 0x0000000100000000)
  region size 1024K, 8 young (8192K), 8 survivors (8192K)
 Metaspace       used 115411K, committed 117952K, reserved 1179648K
  class space    used 16173K, committed 17472K, reserved 1048576K
}
Event: 332.783 GC heap before
{Heap before GC invocations=78 (full 0):
 garbage-first heap   total 414720K, used 356930K [0x0000000080000000, 0x0000000100000000)
  region size 1024K, 101 young (103424K), 8 survivors (8192K)
 Metaspace       used 115413K, committed 117952K, reserved 1179648K
  class space    used 16174K, committed 17472K, reserved 1048576K
}
Event: 332.809 GC heap after
{Heap after GC invocations=79 (full 0):
 garbage-first heap   total 482304K, used 280162K [0x0000000080000000, 0x0000000100000000)
  region size 1024K, 13 young (13312K), 13 survivors (13312K)
 Metaspace       used 115413K, committed 117952K, reserved 1179648K
  class space    used 16174K, committed 17472K, reserved 1048576K
}
Event: 334.747 GC heap before
{Heap before GC invocations=79 (full 0):
 garbage-first heap   total 482304K, used 399970K [0x0000000080000000, 0x0000000100000000)
  region size 1024K, 130 young (133120K), 13 survivors (13312K)
 Metaspace       used 117746K, committed 120320K, reserved 1179648K
  class space    used 16511K, committed 17792K, reserved 1048576K
}
Event: 334.776 GC heap after
{Heap after GC invocations=80 (full 0):
 garbage-first heap   total 482304K, used 302979K [0x0000000080000000, 0x0000000100000000)
  region size 1024K, 17 young (17408K), 17 survivors (17408K)
 Metaspace       used 117746K, committed 120320K, reserved 1179648K
  class space    used 16511K, committed 17792K, reserved 1048576K
}
Event: 336.068 GC heap before
{Heap before GC invocations=81 (full 0):
 garbage-first heap   total 505856K, used 419715K [0x0000000080000000, 0x0000000100000000)
  region size 1024K, 131 young (134144K), 17 survivors (17408K)
 Metaspace       used 117746K, committed 120320K, reserved 1179648K
  class space    used 16511K, committed 17792K, reserved 1048576K
}
Event: 336.110 GC heap after
{Heap after GC invocations=82 (full 0):
 garbage-first heap   total 505856K, used 330240K [0x0000000080000000, 0x0000000100000000)
  region size 1024K, 17 young (17408K), 17 survivors (17408K)
 Metaspace       used 117746K, committed 120320K, reserved 1179648K
  class space    used 16511K, committed 17792K, reserved 1048576K
}
Event: 336.981 GC heap before
{Heap before GC invocations=82 (full 0):
 garbage-first heap   total 505856K, used 444928K [0x0000000080000000, 0x0000000100000000)
  region size 1024K, 129 young (132096K), 17 survivors (17408K)
 Metaspace       used 117746K, committed 120320K, reserved 1179648K
  class space    used 16511K, committed 17792K, reserved 1048576K
}
Event: 337.021 GC heap after
{Heap after GC invocations=83 (full 0):
 garbage-first heap   total 505856K, used 351744K [0x0000000080000000, 0x0000000100000000)
  region size 1024K, 17 young (17408K), 17 survivors (17408K)
 Metaspace       used 117746K, committed 120320K, reserved 1179648K
  class space    used 16511K, committed 17792K, reserved 1048576K
}
Event: 337.703 GC heap before
{Heap before GC invocations=83 (full 0):
 garbage-first heap   total 505856K, used 452096K [0x0000000080000000, 0x0000000100000000)
  region size 1024K, 115 young (117760K), 17 survivors (17408K)
 Metaspace       used 117746K, committed 120320K, reserved 1179648K
  class space    used 16511K, committed 17792K, reserved 1048576K
}
Event: 337.734 GC heap after
{Heap after GC invocations=84 (full 0):
 garbage-first heap   total 505856K, used 375296K [0x0000000080000000, 0x0000000100000000)
  region size 1024K, 15 young (15360K), 15 survivors (15360K)
 Metaspace       used 117746K, committed 120320K, reserved 1179648K
  class space    used 16511K, committed 17792K, reserved 1048576K
}

