# JRE version: OpenJDK Runtime Environment Temurin-21.0.11+10 (21.0.11+10) (build 21.0.11+10-LTS)
# Java VM: OpenJDK 64-Bit Server VM Temurin-21.0.11+10 (21.0.11+10-LTS, mixed mode, sharing, tiered, compressed oops, compressed class ptrs, g1 gc, windows-amd64)
GC Precious Log:
 CardTable entry size: 512
 Card Set container configuration: InlinePtr #cards 5 size 8 Array Of Cards #cards 12 size 40 Howl #buckets 4 coarsen threshold 1843 Howl Bitmap #cards 512 size 80 coarsen threshold 460 Card regions per heap region 1 cards per card region 2048
 CPUs: 8 total, 8 available
 Memory: 7987M
 Large Page Support: Disabled
 NUMA Support: Disabled
 Compressed Oops: Enabled (32-bit)
 Heap Region Size: 1M
 Heap Min Capacity: 8M
 Heap Initial Capacity: 126M
 Heap Max Capacity: 2G
 Pre-touch: Disabled
 Parallel Workers: 8
 Concurrent Workers: 2
 Concurrent Refinement Workers: 8
 Periodic GC: Disabled
Heap:
 garbage-first heap   total 167936K, used 104959K [0x0000000080000000, 0x0000000100000000)
  region size 1024K, 13 young (13312K), 7 survivors (7168K)
 Metaspace       used 98743K, committed 101120K, reserved 1179648K
  class space    used 14197K, committed 15360K, reserved 1048576K
GC Heap History (20 events):
Event: 54.465 GC heap before
{Heap before GC invocations=31 (full 0):
 garbage-first heap   total 126976K, used 111577K [0x0000000080000000, 0x0000000100000000)
  region size 1024K, 37 young (37888K), 2 survivors (2048K)
 Metaspace       used 74622K, committed 76672K, reserved 1179648K
  class space    used 10519K, committed 11520K, reserved 1048576K
}
Event: 54.470 GC heap after
{Heap after GC invocations=32 (full 0):
 garbage-first heap   total 126976K, used 79836K [0x0000000080000000, 0x0000000100000000)
  region size 1024K, 5 young (5120K), 5 survivors (5120K)
 Metaspace       used 74622K, committed 76672K, reserved 1179648K
  class space    used 10519K, committed 11520K, reserved 1048576K
}
Event: 57.135 GC heap before
{Heap before GC invocations=33 (full 0):
 garbage-first heap   total 133120K, used 113628K [0x0000000080000000, 0x0000000100000000)
  region size 1024K, 38 young (38912K), 5 survivors (5120K)
 Metaspace       used 76961K, committed 79040K, reserved 1179648K
  class space    used 10859K, committed 11904K, reserved 1048576K
}
Event: 57.141 GC heap after
{Heap after GC invocations=34 (full 0):
 garbage-first heap   total 133120K, used 81767K [0x0000000080000000, 0x0000000100000000)
  region size 1024K, 2 young (2048K), 2 survivors (2048K)
 Metaspace       used 76961K, committed 79040K, reserved 1179648K
  class space    used 10859K, committed 11904K, reserved 1048576K
}
Event: 60.136 GC heap before
{Heap before GC invocations=34 (full 0):
 garbage-first heap   total 133120K, used 118631K [0x0000000080000000, 0x0000000100000000)
  region size 1024K, 38 young (38912K), 2 survivors (2048K)
 Metaspace       used 79637K, committed 81792K, reserved 1179648K
  class space    used 11300K, committed 12352K, reserved 1048576K
}
Event: 60.140 GC heap after
{Heap after GC invocations=35 (full 0):
 garbage-first heap   total 133120K, used 81547K [0x0000000080000000, 0x0000000100000000)
  region size 1024K, 3 young (3072K), 3 survivors (3072K)
 Metaspace       used 79637K, committed 81792K, reserved 1179648K
  class space    used 11300K, committed 12352K, reserved 1048576K
}
Event: 63.047 GC heap before
{Heap before GC invocations=35 (full 0):
 garbage-first heap   total 133120K, used 120459K [0x0000000080000000, 0x0000000100000000)
  region size 1024K, 41 young (41984K), 3 survivors (3072K)
 Metaspace       used 82483K, committed 84608K, reserved 1179648K
  class space    used 11802K, committed 12864K, reserved 1048576K
}
Event: 63.051 GC heap after
{Heap after GC invocations=36 (full 0):
 garbage-first heap   total 133120K, used 82944K [0x0000000080000000, 0x0000000100000000)
  region size 1024K, 4 young (4096K), 4 survivors (4096K)
 Metaspace       used 82483K, committed 84608K, reserved 1179648K
  class space    used 11802K, committed 12864K, reserved 1048576K
}
Event: 64.560 GC heap before
{Heap before GC invocations=37 (full 0):
 garbage-first heap   total 138240K, used 122880K [0x0000000080000000, 0x0000000100000000)
  region size 1024K, 43 young (44032K), 4 survivors (4096K)
 Metaspace       used 84754K, committed 86976K, reserved 1179648K
  class space    used 12150K, committed 13248K, reserved 1048576K
}
Event: 64.566 GC heap after
{Heap after GC invocations=38 (full 0):
 garbage-first heap   total 138240K, used 85613K [0x0000000080000000, 0x0000000100000000)
  region size 1024K, 6 young (6144K), 6 survivors (6144K)
 Metaspace       used 84754K, committed 86976K, reserved 1179648K
  class space    used 12150K, committed 13248K, reserved 1048576K
}
Event: 67.110 GC heap before
{Heap before GC invocations=38 (full 0):
 garbage-first heap   total 138240K, used 126573K [0x0000000080000000, 0x0000000100000000)
  region size 1024K, 46 young (47104K), 6 survivors (6144K)
 Metaspace       used 86221K, committed 88448K, reserved 1179648K
  class space    used 12381K, committed 13504K, reserved 1048576K
}
Event: 67.120 GC heap after
{Heap after GC invocations=39 (full 0):
 garbage-first heap   total 139264K, used 89076K [0x0000000080000000, 0x0000000100000000)
  region size 1024K, 6 young (6144K), 6 survivors (6144K)
 Metaspace       used 86221K, committed 88448K, reserved 1179648K
  class space    used 12381K, committed 13504K, reserved 1048576K
}
Event: 69.101 GC heap before
{Heap before GC invocations=39 (full 0):
 garbage-first heap   total 139264K, used 126964K [0x0000000080000000, 0x0000000100000000)
  region size 1024K, 43 young (44032K), 6 survivors (6144K)
 Metaspace       used 88591K, committed 90880K, reserved 1179648K
  class space    used 12714K, committed 13888K, reserved 1048576K
}
Event: 69.110 GC heap after
{Heap after GC invocations=40 (full 0):
 garbage-first heap   total 139264K, used 93528K [0x0000000080000000, 0x0000000100000000)
  region size 1024K, 5 young (5120K), 5 survivors (5120K)
 Metaspace       used 88591K, committed 90880K, reserved 1179648K
  class space    used 12714K, committed 13888K, reserved 1048576K
}
Event: 71.872 GC heap before
{Heap before GC invocations=41 (full 0):
 garbage-first heap   total 158720K, used 127320K [0x0000000080000000, 0x0000000100000000)
  region size 1024K, 38 young (38912K), 5 survivors (5120K)
 Metaspace       used 91094K, committed 93440K, reserved 1179648K
  class space    used 13113K, committed 14272K, reserved 1048576K
}
Event: 71.878 GC heap after
{Heap after GC invocations=42 (full 0):
 garbage-first heap   total 158720K, used 94520K [0x0000000080000000, 0x0000000100000000)
  region size 1024K, 2 young (2048K), 2 survivors (2048K)
 Metaspace       used 91094K, committed 93440K, reserved 1179648K
  class space    used 13113K, committed 14272K, reserved 1048576K
}
Event: 73.443 GC heap before
{Heap before GC invocations=42 (full 0):
 garbage-first heap   total 158720K, used 144696K [0x0000000080000000, 0x0000000100000000)
  region size 1024K, 51 young (52224K), 2 survivors (2048K)
 Metaspace       used 95174K, committed 97472K, reserved 1179648K
  class space    used 13611K, committed 14720K, reserved 1048576K
}
Event: 73.449 GC heap after
{Heap after GC invocations=43 (full 0):
 garbage-first heap   total 158720K, used 95694K [0x0000000080000000, 0x0000000100000000)
  region size 1024K, 4 young (4096K), 4 survivors (4096K)
 Metaspace       used 95174K, committed 97472K, reserved 1179648K
  class space    used 13611K, committed 14720K, reserved 1048576K
}
Event: 74.644 GC heap before
{Heap before GC invocations=43 (full 0):
 garbage-first heap   total 158720K, used 145870K [0x0000000080000000, 0x0000000100000000)
  region size 1024K, 53 young (54272K), 4 survivors (4096K)
 Metaspace       used 97899K, committed 100224K, reserved 1179648K
  class space    used 14028K, committed 15168K, reserved 1048576K
}
Event: 74.652 GC heap after
{Heap after GC invocations=44 (full 0):
 garbage-first heap   total 158720K, used 99839K [0x0000000080000000, 0x0000000100000000)
  region size 1024K, 7 young (7168K), 7 survivors (7168K)
 Metaspace       used 97899K, committed 100224K, reserved 1179648K
  class space    used 14028K, committed 15168K, reserved 1048576K
}

