# JRE version: OpenJDK Runtime Environment Temurin-21.0.11+10 (21.0.11+10) (build 21.0.11+10-LTS)
# Java VM: OpenJDK 64-Bit Server VM Temurin-21.0.11+10 (21.0.11+10-LTS, mixed mode, sharing, tiered, compressed oops, compressed class ptrs, g1 gc, windows-amd64)
GC Precious Log:
 CardTable entry size: 512
 Card Set container configuration: InlinePtr #cards 5 size 8 Array Of Cards #cards 12 size 40 Howl #buckets 4 coarsen threshold 1843 Howl Bitmap #cards 512 size 80 coarsen threshold 460 Card regions per heap region 1 cards per card region 2048
 CPUs: 8 total, 8 available
 Memory: 7987M
 Large Page Support: Disabled
 NUMA Support: Disabled
 Compressed Oops: Enabled (32-bit)
 Heap Region Size: 1M
 Heap Min Capacity: 8M
 Heap Initial Capacity: 126M
 Heap Max Capacity: 2G
 Pre-touch: Disabled
 Parallel Workers: 8
 Concurrent Workers: 2
 Concurrent Refinement Workers: 8
 Periodic GC: Disabled
Heap:
 garbage-first heap   total 142336K, used 86600K [0x0000000080000000, 0x0000000100000000)
  region size 1024K, 9 young (9216K), 5 survivors (5120K)
 Metaspace       used 82917K, committed 85056K, reserved 1179648K
  class space    used 11858K, committed 12928K, reserved 1048576K
GC Heap History (20 events):
Event: 31.516 GC heap before
{Heap before GC invocations=27 (full 0):
 garbage-first heap   total 101376K, used 88937K [0x0000000080000000, 0x0000000100000000)
  region size 1024K, 25 young (25600K), 2 survivors (2048K)
 Metaspace       used 60776K, committed 62656K, reserved 1114112K
  class space    used 8648K, committed 9600K, reserved 1048576K
}
Event: 31.520 GC heap after
{Heap after GC invocations=28 (full 0):
 garbage-first heap   total 101376K, used 65783K [0x0000000080000000, 0x0000000100000000)
  region size 1024K, 2 young (2048K), 2 survivors (2048K)
 Metaspace       used 60776K, committed 62656K, reserved 1114112K
  class space    used 8648K, committed 9600K, reserved 1048576K
}
Event: 32.516 GC heap before
{Heap before GC invocations=29 (full 0):
 garbage-first heap   total 111616K, used 92407K [0x0000000080000000, 0x0000000100000000)
  region size 1024K, 26 young (26624K), 2 survivors (2048K)
 Metaspace       used 63309K, committed 65280K, reserved 1114112K
  class space    used 9053K, committed 9984K, reserved 1048576K
}
Event: 32.520 GC heap after
{Heap after GC invocations=30 (full 0):
 garbage-first heap   total 111616K, used 68740K [0x0000000080000000, 0x0000000100000000)
  region size 1024K, 3 young (3072K), 3 survivors (3072K)
 Metaspace       used 63309K, committed 65280K, reserved 1114112K
  class space    used 9053K, committed 9984K, reserved 1048576K
}
Event: 33.624 GC heap before
{Heap before GC invocations=30 (full 0):
 garbage-first heap   total 111616K, used 98436K [0x0000000080000000, 0x0000000100000000)
  region size 1024K, 33 young (33792K), 3 survivors (3072K)
 Metaspace       used 66613K, committed 68672K, reserved 1114112K
  class space    used 9508K, committed 10560K, reserved 1048576K
}
Event: 33.629 GC heap after
{Heap after GC invocations=31 (full 0):
 garbage-first heap   total 111616K, used 68814K [0x0000000080000000, 0x0000000100000000)
  region size 1024K, 4 young (4096K), 4 survivors (4096K)
 Metaspace       used 66613K, committed 68672K, reserved 1114112K
  class space    used 9508K, committed 10560K, reserved 1048576K
}
Event: 34.392 GC heap before
{Heap before GC invocations=31 (full 0):
 garbage-first heap   total 111616K, used 92366K [0x0000000080000000, 0x0000000100000000)
  region size 1024K, 29 young (29696K), 4 survivors (4096K)
 Metaspace       used 69159K, committed 71104K, reserved 1114112K
  class space    used 9814K, committed 10752K, reserved 1048576K
}
Event: 34.397 GC heap after
{Heap after GC invocations=32 (full 0):
 garbage-first heap   total 111616K, used 71448K [0x0000000080000000, 0x0000000100000000)
  region size 1024K, 5 young (5120K), 5 survivors (5120K)
 Metaspace       used 69159K, committed 71104K, reserved 1114112K
  class space    used 9814K, committed 10752K, reserved 1048576K
}
Event: 35.032 GC heap before
{Heap before GC invocations=33 (full 0):
 garbage-first heap   total 126976K, used 107288K [0x0000000080000000, 0x0000000100000000)
  region size 1024K, 35 young (35840K), 5 survivors (5120K)
 Metaspace       used 70453K, committed 72512K, reserved 1114112K
  class space    used 9996K, committed 11008K, reserved 1048576K
}
Event: 35.037 GC heap after
{Heap after GC invocations=34 (full 0):
 garbage-first heap   total 126976K, used 75084K [0x0000000080000000, 0x0000000100000000)
  region size 1024K, 5 young (5120K), 5 survivors (5120K)
 Metaspace       used 70453K, committed 72512K, reserved 1114112K
  class space    used 9996K, committed 11008K, reserved 1048576K
}
Event: 35.976 GC heap before
{Heap before GC invocations=34 (full 0):
 garbage-first heap   total 126976K, used 110924K [0x0000000080000000, 0x0000000100000000)
  region size 1024K, 40 young (40960K), 5 survivors (5120K)
 Metaspace       used 73034K, committed 75136K, reserved 1114112K
  class space    used 10316K, committed 11392K, reserved 1048576K
}
Event: 35.981 GC heap after
{Heap after GC invocations=35 (full 0):
 garbage-first heap   total 126976K, used 76609K [0x0000000080000000, 0x0000000100000000)
  region size 1024K, 2 young (2048K), 2 survivors (2048K)
 Metaspace       used 73034K, committed 75136K, reserved 1114112K
  class space    used 10316K, committed 11392K, reserved 1048576K
}
Event: 46.656 GC heap before
{Heap before GC invocations=35 (full 0):
 garbage-first heap   total 126976K, used 112449K [0x0000000080000000, 0x0000000100000000)
  region size 1024K, 37 young (37888K), 2 survivors (2048K)
 Metaspace       used 74718K, committed 76864K, reserved 1179648K
  class space    used 10531K, committed 11584K, reserved 1048576K
}
Event: 46.661 GC heap after
{Heap after GC invocations=36 (full 0):
 garbage-first heap   total 126976K, used 80835K [0x0000000080000000, 0x0000000100000000)
  region size 1024K, 5 young (5120K), 5 survivors (5120K)
 Metaspace       used 74718K, committed 76864K, reserved 1179648K
  class space    used 10531K, committed 11584K, reserved 1048576K
}
Event: 47.739 GC heap before
{Heap before GC invocations=37 (full 0):
 garbage-first heap   total 135168K, used 114627K [0x0000000080000000, 0x0000000100000000)
  region size 1024K, 38 young (38912K), 5 survivors (5120K)
 Metaspace       used 77087K, committed 79232K, reserved 1179648K
  class space    used 10877K, committed 11968K, reserved 1048576K
}
Event: 47.744 GC heap after
{Heap after GC invocations=38 (full 0):
 garbage-first heap   total 135168K, used 82950K [0x0000000080000000, 0x0000000100000000)
  region size 1024K, 2 young (2048K), 2 survivors (2048K)
 Metaspace       used 77087K, committed 79232K, reserved 1179648K
  class space    used 10877K, committed 11968K, reserved 1048576K
}
Event: 49.018 GC heap before
{Heap before GC invocations=38 (full 0):
 garbage-first heap   total 135168K, used 120838K [0x0000000080000000, 0x0000000100000000)
  region size 1024K, 39 young (39936K), 2 survivors (2048K)
 Metaspace       used 79793K, committed 81920K, reserved 1179648K
  class space    used 11324K, committed 12352K, reserved 1048576K
}
Event: 49.023 GC heap after
{Heap after GC invocations=39 (full 0):
 garbage-first heap   total 135168K, used 81763K [0x0000000080000000, 0x0000000100000000)
  region size 1024K, 3 young (3072K), 3 survivors (3072K)
 Metaspace       used 79793K, committed 81920K, reserved 1179648K
  class space    used 11324K, committed 12352K, reserved 1048576K
}
Event: 50.069 GC heap before
{Heap before GC invocations=39 (full 0):
 garbage-first heap   total 135168K, used 121699K [0x0000000080000000, 0x0000000100000000)
  region size 1024K, 42 young (43008K), 3 survivors (3072K)
 Metaspace       used 82749K, committed 84928K, reserved 1179648K
  class space    used 11834K, committed 12928K, reserved 1048576K
}
Event: 50.073 GC heap after
{Heap after GC invocations=40 (full 0):
 garbage-first heap   total 135168K, used 83528K [0x0000000080000000, 0x0000000100000000)
  region size 1024K, 5 young (5120K), 5 survivors (5120K)
 Metaspace       used 82749K, committed 84928K, reserved 1179648K
  class space    used 11834K, committed 12928K, reserved 1048576K
}

