# JRE version: OpenJDK Runtime Environment (21.0.10) (build 21.0.10+-14961533-b1163.108)
# Java VM: OpenJDK 64-Bit Server VM (21.0.10+-14961533-b1163.108, mixed mode, tiered, compressed oops, compressed class ptrs, g1 gc, windows-amd64)
GC Precious Log:
 CardTable entry size: 512
 Card Set container configuration: InlinePtr #cards 5 size 8 Array Of Cards #cards 12 size 40 Howl #buckets 4 coarsen threshold 1843 Howl Bitmap #cards 512 size 80 coarsen threshold 460 Card regions per heap region 1 cards per card region 2048
 CPUs: 8 total, 8 available
 Memory: 7987M
 Large Page Support: Disabled
 NUMA Support: Disabled
 Compressed Oops: Enabled (32-bit)
 Heap Region Size: 1M
 Heap Min Capacity: 8M
 Heap Initial Capacity: 126M
 Heap Max Capacity: 2G
 Pre-touch: Disabled
 Parallel Workers: 8
 Concurrent Workers: 2
 Concurrent Refinement Workers: 8
 Periodic GC: Disabled
Heap:
 garbage-first heap   total 516096K, used 363520K [0x0000000080000000, 0x0000000100000000)
  region size 1024K, 16 young (16384K), 16 survivors (16384K)
 Metaspace       used 131279K, committed 133760K, reserved 1179648K
  class space    used 18871K, committed 20096K, reserved 1048576K
GC Heap History (20 events):
Event: 71.775 GC heap after
{Heap after GC invocations=70 (full 0):
 garbage-first heap   total 260096K, used 196985K [0x0000000080000000, 0x0000000100000000)
  region size 1024K, 8 young (8192K), 8 survivors (8192K)
 Metaspace       used 120715K, committed 123136K, reserved 1179648K
  class space    used 17275K, committed 18496K, reserved 1048576K
}
Event: 72.082 GC heap before
{Heap before GC invocations=71 (full 0):
 garbage-first heap   total 332800K, used 235897K [0x0000000080000000, 0x0000000100000000)
  region size 1024K, 45 young (46080K), 8 survivors (8192K)
 Metaspace       used 120917K, committed 123328K, reserved 1179648K
  class space    used 17299K, committed 18496K, reserved 1048576K
}
Event: 72.087 GC heap after
{Heap after GC invocations=72 (full 0):
 garbage-first heap   total 332800K, used 207208K [0x0000000080000000, 0x0000000100000000)
  region size 1024K, 6 young (6144K), 6 survivors (6144K)
 Metaspace       used 120917K, committed 123328K, reserved 1179648K
  class space    used 17299K, committed 18496K, reserved 1048576K
}
Event: 73.154 GC heap before
{Heap before GC invocations=72 (full 0):
 garbage-first heap   total 332800K, used 282984K [0x0000000080000000, 0x0000000100000000)
  region size 1024K, 81 young (82944K), 6 survivors (6144K)
 Metaspace       used 121560K, committed 123968K, reserved 1179648K
  class space    used 17410K, committed 18624K, reserved 1048576K
}
Event: 73.159 GC heap after
{Heap after GC invocations=73 (full 0):
 garbage-first heap   total 332800K, used 224256K [0x0000000080000000, 0x0000000100000000)
  region size 1024K, 11 young (11264K), 11 survivors (11264K)
 Metaspace       used 121560K, committed 123968K, reserved 1179648K
  class space    used 17410K, committed 18624K, reserved 1048576K
}
Event: 74.439 GC heap before
{Heap before GC invocations=73 (full 0):
 garbage-first heap   total 332800K, used 290816K [0x0000000080000000, 0x0000000100000000)
  region size 1024K, 76 young (77824K), 11 survivors (11264K)
 Metaspace       used 122361K, committed 124800K, reserved 1179648K
  class space    used 17520K, committed 18688K, reserved 1048576K
}
Event: 74.448 GC heap after
{Heap after GC invocations=74 (full 0):
 garbage-first heap   total 332800K, used 241664K [0x0000000080000000, 0x0000000100000000)
  region size 1024K, 10 young (10240K), 10 survivors (10240K)
 Metaspace       used 122361K, committed 124800K, reserved 1179648K
  class space    used 17520K, committed 18688K, reserved 1048576K
}
Event: 76.367 GC heap before
{Heap before GC invocations=75 (full 0):
 garbage-first heap   total 403456K, used 297984K [0x0000000080000000, 0x0000000100000000)
  region size 1024K, 65 young (66560K), 10 survivors (10240K)
 Metaspace       used 123160K, committed 125632K, reserved 1179648K
  class space    used 17670K, committed 18880K, reserved 1048576K
}
Event: 76.373 GC heap after
{Heap after GC invocations=76 (full 0):
 garbage-first heap   total 403456K, used 257024K [0x0000000080000000, 0x0000000100000000)
  region size 1024K, 9 young (9216K), 9 survivors (9216K)
 Metaspace       used 123160K, committed 125632K, reserved 1179648K
  class space    used 17670K, committed 18880K, reserved 1048576K
}
Event: 77.523 GC heap before
{Heap before GC invocations=76 (full 0):
 garbage-first heap   total 403456K, used 346112K [0x0000000080000000, 0x0000000100000000)
  region size 1024K, 97 young (99328K), 9 survivors (9216K)
 Metaspace       used 125030K, committed 127488K, reserved 1179648K
  class space    used 17925K, committed 19136K, reserved 1048576K
}
Event: 77.537 GC heap after
{Heap after GC invocations=77 (full 0):
 garbage-first heap   total 403456K, used 273131K [0x0000000080000000, 0x0000000100000000)
  region size 1024K, 13 young (13312K), 13 survivors (13312K)
 Metaspace       used 125030K, committed 127488K, reserved 1179648K
  class space    used 17925K, committed 19136K, reserved 1048576K
}
Event: 77.735 GC heap before
{Heap before GC invocations=77 (full 0):
 garbage-first heap   total 403456K, used 353003K [0x0000000080000000, 0x0000000100000000)
  region size 1024K, 92 young (94208K), 13 survivors (13312K)
 Metaspace       used 125617K, committed 128064K, reserved 1179648K
  class space    used 18014K, committed 19200K, reserved 1048576K
}
Event: 77.759 GC heap after
{Heap after GC invocations=78 (full 0):
 garbage-first heap   total 403456K, used 291840K [0x0000000080000000, 0x0000000100000000)
  region size 1024K, 12 young (12288K), 12 survivors (12288K)
 Metaspace       used 125617K, committed 128064K, reserved 1179648K
  class space    used 18014K, committed 19200K, reserved 1048576K
}
Event: 77.977 GC heap before
{Heap before GC invocations=78 (full 0):
 garbage-first heap   total 403456K, used 363520K [0x0000000080000000, 0x0000000100000000)
  region size 1024K, 82 young (83968K), 12 survivors (12288K)
 Metaspace       used 126150K, committed 128576K, reserved 1179648K
  class space    used 18102K, committed 19264K, reserved 1048576K
}
Event: 78.004 GC heap after
{Heap after GC invocations=79 (full 0):
 garbage-first heap   total 403456K, used 308653K [0x0000000080000000, 0x0000000100000000)
  region size 1024K, 11 young (11264K), 11 survivors (11264K)
 Metaspace       used 126150K, committed 128576K, reserved 1179648K
  class space    used 18102K, committed 19264K, reserved 1048576K
}
Event: 78.294 GC heap before
{Heap before GC invocations=80 (full 0):
 garbage-first heap   total 516096K, used 369069K [0x0000000080000000, 0x0000000100000000)
  region size 1024K, 70 young (71680K), 11 survivors (11264K)
 Metaspace       used 126529K, committed 129024K, reserved 1179648K
  class space    used 18177K, committed 19392K, reserved 1048576K
}
Event: 78.321 GC heap after
{Heap after GC invocations=81 (full 0):
 garbage-first heap   total 516096K, used 323372K [0x0000000080000000, 0x0000000100000000)
  region size 1024K, 9 young (9216K), 9 survivors (9216K)
 Metaspace       used 126529K, committed 129024K, reserved 1179648K
  class space    used 18177K, committed 19392K, reserved 1048576K
}
Event: 78.944 GC heap before
{Heap before GC invocations=81 (full 0):
 garbage-first heap   total 516096K, used 440108K [0x0000000080000000, 0x0000000100000000)
  region size 1024K, 124 young (126976K), 9 survivors (9216K)
 Metaspace       used 130004K, committed 132416K, reserved 1179648K
  class space    used 18670K, committed 19840K, reserved 1048576K
}
Event: 78.973 GC heap after
{Heap after GC invocations=82 (full 0):
 garbage-first heap   total 516096K, used 345460K [0x0000000080000000, 0x0000000100000000)
  region size 1024K, 16 young (16384K), 16 survivors (16384K)
 Metaspace       used 130004K, committed 132416K, reserved 1179648K
  class space    used 18670K, committed 19840K, reserved 1048576K
}
Event: 79.285 GC heap before
{Heap before GC invocations=82 (full 0):
 garbage-first heap   total 516096K, used 451956K [0x0000000080000000, 0x0000000100000000)
  region size 1024K, 121 young (123904K), 16 survivors (16384K)
 Metaspace       used 131279K, committed 133760K, reserved 1179648K
  class space    used 18871K, committed 20096K, reserved 1048576K
}

