# JRE version: OpenJDK Runtime Environment Temurin-21.0.11+10 (21.0.11+10) (build 21.0.11+10-LTS)
# Java VM: OpenJDK 64-Bit Server VM Temurin-21.0.11+10 (21.0.11+10-LTS, mixed mode, sharing, tiered, compressed oops, compressed class ptrs, g1 gc, windows-amd64)
GC Precious Log:
 CardTable entry size: 512
 Card Set container configuration: InlinePtr #cards 5 size 8 Array Of Cards #cards 12 size 40 Howl #buckets 4 coarsen threshold 1843 Howl Bitmap #cards 512 size 80 coarsen threshold 460 Card regions per heap region 1 cards per card region 2048
 CPUs: 8 total, 8 available
 Memory: 7987M
 Large Page Support: Disabled
 NUMA Support: Disabled
 Compressed Oops: Enabled (32-bit)
 Heap Region Size: 1M
 Heap Min Capacity: 8M
 Heap Initial Capacity: 126M
 Heap Max Capacity: 2G
 Pre-touch: Disabled
 Parallel Workers: 8
 Concurrent Workers: 2
 Concurrent Refinement Workers: 8
 Periodic GC: Disabled
Heap:
 garbage-first heap   total 483328K, used 382404K [0x0000000080000000, 0x0000000100000000)
  region size 1024K, 52 young (53248K), 15 survivors (15360K)
 Metaspace       used 115683K, committed 118144K, reserved 1179648K
  class space    used 16366K, committed 17600K, reserved 1048576K
GC Heap History (20 events):
Event: 98.447 GC heap before
{Heap before GC invocations=64 (full 0):
 garbage-first heap   total 265216K, used 191252K [0x0000000080000000, 0x0000000100000000)
  region size 1024K, 40 young (40960K), 7 survivors (7168K)
 Metaspace       used 108274K, committed 110720K, reserved 1179648K
  class space    used 15318K, committed 16512K, reserved 1048576K
}
Event: 98.454 GC heap after
{Heap after GC invocations=65 (full 0):
 garbage-first heap   total 337920K, used 167679K [0x0000000080000000, 0x0000000100000000)
  region size 1024K, 5 young (5120K), 5 survivors (5120K)
 Metaspace       used 108274K, committed 110720K, reserved 1179648K
  class space    used 15318K, committed 16512K, reserved 1048576K
}
Event: 99.358 GC heap before
{Heap before GC invocations=66 (full 0):
 garbage-first heap   total 337920K, used 282367K [0x0000000080000000, 0x0000000100000000)
  region size 1024K, 116 young (118784K), 5 survivors (5120K)
 Metaspace       used 109375K, committed 111872K, reserved 1179648K
  class space    used 15476K, committed 16704K, reserved 1048576K
}
Event: 99.368 GC heap after
{Heap after GC invocations=67 (full 0):
 garbage-first heap   total 337920K, used 200187K [0x0000000080000000, 0x0000000100000000)
  region size 1024K, 15 young (15360K), 15 survivors (15360K)
 Metaspace       used 109375K, committed 111872K, reserved 1179648K
  class space    used 15476K, committed 16704K, reserved 1048576K
}
Event: 100.045 GC heap before
{Heap before GC invocations=67 (full 0):
 garbage-first heap   total 337920K, used 283131K [0x0000000080000000, 0x0000000100000000)
  region size 1024K, 96 young (98304K), 15 survivors (15360K)
 Metaspace       used 110112K, committed 112512K, reserved 1179648K
  class space    used 15574K, committed 16768K, reserved 1048576K
}
Event: 100.056 GC heap after
{Heap after GC invocations=68 (full 0):
 garbage-first heap   total 337920K, used 217600K [0x0000000080000000, 0x0000000100000000)
  region size 1024K, 12 young (12288K), 12 survivors (12288K)
 Metaspace       used 110112K, committed 112512K, reserved 1179648K
  class space    used 15574K, committed 16768K, reserved 1048576K
}
Event: 100.517 GC heap before
{Heap before GC invocations=68 (full 0):
 garbage-first heap   total 337920K, used 292352K [0x0000000080000000, 0x0000000100000000)
  region size 1024K, 85 young (87040K), 12 survivors (12288K)
 Metaspace       used 111189K, committed 113600K, reserved 1179648K
  class space    used 15749K, committed 16960K, reserved 1048576K
}
Event: 100.523 GC heap after
{Heap after GC invocations=69 (full 0):
 garbage-first heap   total 337920K, used 236544K [0x0000000080000000, 0x0000000100000000)
  region size 1024K, 11 young (11264K), 11 survivors (11264K)
 Metaspace       used 111189K, committed 113600K, reserved 1179648K
  class space    used 15749K, committed 16960K, reserved 1048576K
}
Event: 100.964 GC heap before
{Heap before GC invocations=70 (full 0):
 garbage-first heap   total 394240K, used 299008K [0x0000000080000000, 0x0000000100000000)
  region size 1024K, 73 young (74752K), 11 survivors (11264K)
 Metaspace       used 112106K, committed 114560K, reserved 1179648K
  class space    used 15867K, committed 17088K, reserved 1048576K
}
Event: 100.974 GC heap after
{Heap after GC invocations=71 (full 0):
 garbage-first heap   total 394240K, used 254404K [0x0000000080000000, 0x0000000100000000)
  region size 1024K, 10 young (10240K), 10 survivors (10240K)
 Metaspace       used 112106K, committed 114560K, reserved 1179648K
  class space    used 15867K, committed 17088K, reserved 1048576K
}
Event: 101.329 GC heap before
{Heap before GC invocations=71 (full 0):
 garbage-first heap   total 394240K, used 340420K [0x0000000080000000, 0x0000000100000000)
  region size 1024K, 95 young (97280K), 10 survivors (10240K)
 Metaspace       used 112333K, committed 114752K, reserved 1179648K
  class space    used 15876K, committed 17088K, reserved 1048576K
}
Event: 101.349 GC heap after
{Heap after GC invocations=72 (full 0):
 garbage-first heap   total 394240K, used 271281K [0x0000000080000000, 0x0000000100000000)
  region size 1024K, 12 young (12288K), 12 survivors (12288K)
 Metaspace       used 112333K, committed 114752K, reserved 1179648K
  class space    used 15876K, committed 17088K, reserved 1048576K
}
Event: 101.625 GC heap before
{Heap before GC invocations=72 (full 0):
 garbage-first heap   total 394240K, used 348081K [0x0000000080000000, 0x0000000100000000)
  region size 1024K, 88 young (90112K), 12 survivors (12288K)
 Metaspace       used 112671K, committed 115136K, reserved 1179648K
  class space    used 15917K, committed 17152K, reserved 1048576K
}
Event: 101.654 GC heap after
{Heap after GC invocations=73 (full 0):
 garbage-first heap   total 394240K, used 289280K [0x0000000080000000, 0x0000000100000000)
  region size 1024K, 11 young (11264K), 11 survivors (11264K)
 Metaspace       used 112671K, committed 115136K, reserved 1179648K
  class space    used 15917K, committed 17152K, reserved 1048576K
}
Event: 102.531 GC heap before
{Heap before GC invocations=74 (full 0):
 garbage-first heap   total 483328K, used 354816K [0x0000000080000000, 0x0000000100000000)
  region size 1024K, 76 young (77824K), 11 survivors (11264K)
 Metaspace       used 113186K, committed 115648K, reserved 1179648K
  class space    used 15997K, committed 17216K, reserved 1048576K
}
Event: 102.574 GC heap after
{Heap after GC invocations=75 (full 0):
 garbage-first heap   total 483328K, used 305152K [0x0000000080000000, 0x0000000100000000)
  region size 1024K, 10 young (10240K), 10 survivors (10240K)
 Metaspace       used 113186K, committed 115648K, reserved 1179648K
  class space    used 15997K, committed 17216K, reserved 1048576K
}
Event: 103.536 GC heap before
{Heap before GC invocations=75 (full 0):
 garbage-first heap   total 483328K, used 417792K [0x0000000080000000, 0x0000000100000000)
  region size 1024K, 121 young (123904K), 10 survivors (10240K)
 Metaspace       used 114671K, committed 117056K, reserved 1179648K
  class space    used 16229K, committed 17408K, reserved 1048576K
}
Event: 103.570 GC heap after
{Heap after GC invocations=76 (full 0):
 garbage-first heap   total 483328K, used 324608K [0x0000000080000000, 0x0000000100000000)
  region size 1024K, 16 young (16384K), 16 survivors (16384K)
 Metaspace       used 114671K, committed 117056K, reserved 1179648K
  class space    used 16229K, committed 17408K, reserved 1048576K
}
Event: 104.050 GC heap before
{Heap before GC invocations=76 (full 0):
 garbage-first heap   total 483328K, used 425984K [0x0000000080000000, 0x0000000100000000)
  region size 1024K, 116 young (118784K), 16 survivors (16384K)
 Metaspace       used 115595K, committed 118016K, reserved 1179648K
  class space    used 16353K, committed 17536K, reserved 1048576K
}
Event: 104.086 GC heap after
{Heap after GC invocations=77 (full 0):
 garbage-first heap   total 483328K, used 345540K [0x0000000080000000, 0x0000000100000000)
  region size 1024K, 15 young (15360K), 15 survivors (15360K)
 Metaspace       used 115595K, committed 118016K, reserved 1179648K
  class space    used 16353K, committed 17536K, reserved 1048576K
}

