# JRE version: OpenJDK Runtime Environment Temurin-21.0.11+10 (21.0.11+10) (build 21.0.11+10-LTS)
# Java VM: OpenJDK 64-Bit Server VM Temurin-21.0.11+10 (21.0.11+10-LTS, mixed mode, sharing, tiered, compressed oops, compressed class ptrs, g1 gc, windows-amd64)
GC Precious Log:
 CardTable entry size: 512
 Card Set container configuration: InlinePtr #cards 5 size 8 Array Of Cards #cards 12 size 40 Howl #buckets 4 coarsen threshold 1843 Howl Bitmap #cards 512 size 80 coarsen threshold 460 Card regions per heap region 1 cards per card region 2048
 CPUs: 8 total, 8 available
 Memory: 7987M
 Large Page Support: Disabled
 NUMA Support: Disabled
 Compressed Oops: Enabled (32-bit)
 Heap Region Size: 1M
 Heap Min Capacity: 8M
 Heap Initial Capacity: 126M
 Heap Max Capacity: 2G
 Pre-touch: Disabled
 Parallel Workers: 8
 Concurrent Workers: 2
 Concurrent Refinement Workers: 8
 Periodic GC: Disabled
Heap:
 garbage-first heap   total 157696K, used 114474K [0x0000000080000000, 0x0000000100000000)
  region size 1024K, 28 young (28672K), 7 survivors (7168K)
 Metaspace       used 89073K, committed 91328K, reserved 1179648K
  class space    used 12735K, committed 13824K, reserved 1048576K
GC Heap History (20 events):
Event: 51.343 GC heap before
{Heap before GC invocations=26 (full 0):
 garbage-first heap   total 109568K, used 100551K [0x0000000080000000, 0x0000000100000000)
  region size 1024K, 35 young (35840K), 3 survivors (3072K)
 Metaspace       used 66776K, committed 68800K, reserved 1114112K
  class space    used 9524K, committed 10560K, reserved 1048576K
}
Event: 51.349 GC heap after
{Heap after GC invocations=27 (full 0):
 garbage-first heap   total 109568K, used 69286K [0x0000000080000000, 0x0000000100000000)
  region size 1024K, 4 young (4096K), 4 survivors (4096K)
 Metaspace       used 66776K, committed 68800K, reserved 1114112K
  class space    used 9524K, committed 10560K, reserved 1048576K
}
Event: 53.067 GC heap before
{Heap before GC invocations=28 (full 0):
 garbage-first heap   total 116736K, used 106150K [0x0000000080000000, 0x0000000100000000)
  region size 1024K, 36 young (36864K), 4 survivors (4096K)
 Metaspace       used 69143K, committed 71232K, reserved 1114112K
  class space    used 9811K, committed 10880K, reserved 1048576K
}
Event: 53.076 GC heap after
{Heap after GC invocations=29 (full 0):
 garbage-first heap   total 117760K, used 79386K [0x0000000080000000, 0x0000000100000000)
  region size 1024K, 5 young (5120K), 5 survivors (5120K)
 Metaspace       used 69143K, committed 71232K, reserved 1114112K
  class space    used 9811K, committed 10880K, reserved 1048576K
}
Event: 54.392 GC heap before
{Heap before GC invocations=29 (full 0):
 garbage-first heap   total 117760K, used 107034K [0x0000000080000000, 0x0000000100000000)
  region size 1024K, 31 young (31744K), 5 survivors (5120K)
 Metaspace       used 70936K, committed 72960K, reserved 1114112K
  class space    used 10050K, committed 11072K, reserved 1048576K
}
Event: 54.400 GC heap after
{Heap after GC invocations=30 (full 0):
 garbage-first heap   total 117760K, used 79195K [0x0000000080000000, 0x0000000100000000)
  region size 1024K, 2 young (2048K), 2 survivors (2048K)
 Metaspace       used 70936K, committed 72960K, reserved 1114112K
  class space    used 10050K, committed 11072K, reserved 1048576K
}
Event: 55.303 GC heap before
{Heap before GC invocations=30 (full 0):
 garbage-first heap   total 117760K, used 106843K [0x0000000080000000, 0x0000000100000000)
  region size 1024K, 29 young (29696K), 2 survivors (2048K)
 Metaspace       used 72842K, committed 74944K, reserved 1114112K
  class space    used 10300K, committed 11328K, reserved 1048576K
}
Event: 55.307 GC heap after
{Heap after GC invocations=31 (full 0):
 garbage-first heap   total 117760K, used 80355K [0x0000000080000000, 0x0000000100000000)
  region size 1024K, 3 young (3072K), 3 survivors (3072K)
 Metaspace       used 72842K, committed 74944K, reserved 1114112K
  class space    used 10300K, committed 11328K, reserved 1048576K
}
Event: 56.302 GC heap before
{Heap before GC invocations=32 (full 0):
 garbage-first heap   total 133120K, used 106979K [0x0000000080000000, 0x0000000100000000)
  region size 1024K, 30 young (30720K), 3 survivors (3072K)
 Metaspace       used 74010K, committed 76096K, reserved 1114112K
  class space    used 10444K, committed 11520K, reserved 1048576K
}
Event: 56.309 GC heap after
{Heap after GC invocations=33 (full 0):
 garbage-first heap   total 133120K, used 83004K [0x0000000080000000, 0x0000000100000000)
  region size 1024K, 4 young (4096K), 4 survivors (4096K)
 Metaspace       used 74010K, committed 76096K, reserved 1114112K
  class space    used 10444K, committed 11520K, reserved 1048576K
}
Event: 58.090 GC heap before
{Heap before GC invocations=33 (full 0):
 garbage-first heap   total 133120K, used 119868K [0x0000000080000000, 0x0000000100000000)
  region size 1024K, 41 young (41984K), 4 survivors (4096K)
 Metaspace       used 76592K, committed 78784K, reserved 1179648K
  class space    used 10801K, committed 11904K, reserved 1048576K
}
Event: 58.098 GC heap after
{Heap after GC invocations=34 (full 0):
 garbage-first heap   total 133120K, used 83898K [0x0000000080000000, 0x0000000100000000)
  region size 1024K, 5 young (5120K), 5 survivors (5120K)
 Metaspace       used 76592K, committed 78784K, reserved 1179648K
  class space    used 10801K, committed 11904K, reserved 1048576K
}
Event: 60.916 GC heap before
{Heap before GC invocations=34 (full 0):
 garbage-first heap   total 133120K, used 121786K [0x0000000080000000, 0x0000000100000000)
  region size 1024K, 42 young (43008K), 5 survivors (5120K)
 Metaspace       used 79383K, committed 81472K, reserved 1179648K
  class space    used 11254K, committed 12288K, reserved 1048576K
}
Event: 60.923 GC heap after
{Heap after GC invocations=35 (full 0):
 garbage-first heap   total 133120K, used 85227K [0x0000000080000000, 0x0000000100000000)
  region size 1024K, 5 young (5120K), 5 survivors (5120K)
 Metaspace       used 79383K, committed 81472K, reserved 1179648K
  class space    used 11254K, committed 12288K, reserved 1048576K
}
Event: 63.092 GC heap before
{Heap before GC invocations=36 (full 0):
 garbage-first heap   total 143360K, used 123115K [0x0000000080000000, 0x0000000100000000)
  region size 1024K, 42 young (43008K), 5 survivors (5120K)
 Metaspace       used 81989K, committed 84096K, reserved 1179648K
  class space    used 11738K, committed 12800K, reserved 1048576K
}
Event: 63.099 GC heap after
{Heap after GC invocations=37 (full 0):
 garbage-first heap   total 143360K, used 87279K [0x0000000080000000, 0x0000000100000000)
  region size 1024K, 4 young (4096K), 4 survivors (4096K)
 Metaspace       used 81989K, committed 84096K, reserved 1179648K
  class space    used 11738K, committed 12800K, reserved 1048576K
}
Event: 64.722 GC heap before
{Heap before GC invocations=37 (full 0):
 garbage-first heap   total 143360K, used 133359K [0x0000000080000000, 0x0000000100000000)
  region size 1024K, 49 young (50176K), 4 survivors (4096K)
 Metaspace       used 85029K, committed 87296K, reserved 1179648K
  class space    used 12162K, committed 13312K, reserved 1048576K
}
Event: 64.728 GC heap after
{Heap after GC invocations=38 (full 0):
 garbage-first heap   total 143360K, used 87483K [0x0000000080000000, 0x0000000100000000)
  region size 1024K, 6 young (6144K), 6 survivors (6144K)
 Metaspace       used 85029K, committed 87296K, reserved 1179648K
  class space    used 12162K, committed 13312K, reserved 1048576K
}
Event: 66.389 GC heap before
{Heap before GC invocations=38 (full 0):
 garbage-first heap   total 143360K, used 133563K [0x0000000080000000, 0x0000000100000000)
  region size 1024K, 51 young (52224K), 6 survivors (6144K)
 Metaspace       used 86499K, committed 88768K, reserved 1179648K
  class space    used 12382K, committed 13504K, reserved 1048576K
}
Event: 66.401 GC heap after
{Heap after GC invocations=39 (full 0):
 garbage-first heap   total 146432K, used 93994K [0x0000000080000000, 0x0000000100000000)
  region size 1024K, 7 young (7168K), 7 survivors (7168K)
 Metaspace       used 86499K, committed 88768K, reserved 1179648K
  class space    used 12382K, committed 13504K, reserved 1048576K
}

